#
# A fatal error has been detected by the Java Runtime Environment:
#
#  EXCEPTION_ACCESS_VIOLATION (0xc0000005) at pc=0x000000006bcccd60, pid=1488, tid=0x00000000000006a4
#
# JRE version: OpenJDK Runtime Environment (8.0_152-b01) (build 1.8.0_152-release-915-b01)
# Java VM: OpenJDK 64-Bit Server VM (25.152-b01 mixed mode windows-amd64 compressed oops)
# Problematic frame:
# V  [jvm.dll+0x46cd60]
#
# Failed to write core dump. Minidumps are not enabled by default on client versions of Windows
#
# If you would like to submit a bug report, please visit:
#   http://bugreport.java.com/bugreport/crash.jsp
#

---------------  T H R E A D  ---------------

Current thread (0x0000000054f63000):  JavaThread "C2 CompilerThread0" daemon [_thread_in_native, id=1700, stack(0x0000000056980000,0x0000000056a80000)]

siginfo: ExceptionCode=0xc0000005, reading address 0x000000026c024070

Registers:
RAX=0x0000000000000000, RBX=0x000000005c823020, RCX=0x000000026c024070, RDX=0x0000000000000000
RSP=0x0000000056a7c0c0, RBP=0x0000000000000000, RSI=0x0000000000000000, RDI=0x0000000056a7c110
R8 =0x000000005c823160, R9 =0x000000005c45d980, R10=0x000000006b860000, R11=0x0000000056a7bee0
R12=0x000000006c024070, R13=0x000000006b860000, R14=0x000000005e5944a8, R15=0x00000000000003d8
RIP=0x000000006bcccd60, EFLAGS=0x0000000000010246

Top of Stack: (sp=0x0000000056a7c0c0)
0x0000000056a7c0c0:   0000000056a7e8a0 000000005c7fb840
0x0000000056a7c0d0:   fffffffffffffff8 0000000054ef8fd0
0x0000000056a7c0e0:   0000000000000550 000000006bcc7e2f
0x0000000056a7c0f0:   000000005c823020 000000005c823020
0x0000000056a7c100:   0000000000000550 0000000056a7c1f0
0x0000000056a7c110:   0000000000000000 0000000000000008
0x0000000056a7c120:   000000026c024070 0000000000000000
0x0000000056a7c130:   000000005c823170 0000000000000008
0x0000000056a7c140:   000000005c823160 0000000056a7c4e0
0x0000000056a7c150:   000000005e5940d0 0000000056a7c4e0
0x0000000056a7c160:   000000005e5940c0 000000006bc94671
0x0000000056a7c170:   0000000000000000 0000000056a7c270
0x0000000056a7c180:   0000000000000000 0000000000000006
0x0000000056a7c190:   0000000000000002 000000005e5940c0
0x0000000056a7c1a0:   000000005c45ac40 000000005c45df50
0x0000000056a7c1b0:   000000005c462c28 00000000000be6e0 

Instructions: (pc=0x000000006bcccd60)
0x000000006bcccd40:   48 8b 4f 20 48 39 04 0e 0f 84 9d 00 00 00 48 8b
0x000000006bcccd50:   0c 0e 33 d2 33 c0 48 89 4f 10 66 0f 1f 44 00 00
0x000000006bcccd60:   83 3c 08 00 0f 85 36 01 00 00 ff c2 48 83 c0 04
0x000000006bcccd70:   83 fa 08 72 eb 48 8b 47 30 48 89 44 24 30 48 85 


Register to memory mapping:

RAX=0x0000000000000000 is an unknown value
RBX=0x000000005c823020 is an unknown value
RCX=0x000000026c024070 is an unknown value
RDX=0x0000000000000000 is an unknown value
RSP=0x0000000056a7c0c0 is pointing into the stack for thread: 0x0000000054f63000
RBP=0x0000000000000000 is an unknown value
RSI=0x0000000000000000 is an unknown value
RDI=0x0000000056a7c110 is pointing into the stack for thread: 0x0000000054f63000
R8 =0x000000005c823160 is an unknown value
R9 =0x000000005c45d980 is an unknown value
R10=0x000000006b860000 is an unknown value
R11=0x0000000056a7bee0 is pointing into the stack for thread: 0x0000000054f63000
R12=0x000000006c024070 is an unknown value
R13=0x000000006b860000 is an unknown value
R14=0x000000005e5944a8 is an unknown value
R15=0x00000000000003d8 is an unknown value


Stack: [0x0000000056980000,0x0000000056a80000],  sp=0x0000000056a7c0c0,  free space=1008k
Native frames: (J=compiled Java code, j=interpreted, Vv=VM code, C=native code)


Current CompileTask:
C2:8781341 27155       4       java.io.ObjectStreamClass::initNonProxy (540 bytes)


---------------  P R O C E S S  ---------------

Java Threads: ( => current thread )
  0x000000005786f000 JavaThread "Cache worker for file hash cache (D:\My Android Project\BashaBhara-master\.gradle\4.1\fileHashes)" [_thread_blocked, id=2920, stack(0x0000000061690000,0x0000000061790000)]
  0x000000005b76e000 JavaThread "Stdin handler" [_thread_blocked, id=3176, stack(0x000000005d320000,0x000000005d420000)]
  0x000000005b76f800 JavaThread "Asynchronous log dispatcher for DefaultDaemonConnection: socket connection from /127.0.0.1:1313 to /127.0.0.1:9910" [_thread_blocked, id=4828, stack(0x0000000060860000,0x0000000060960000)]
  0x000000005b76b000 JavaThread "Daemon worker Thread 10" [_thread_in_native, id=2496, stack(0x000000005d770000,0x000000005d870000)]
  0x000000005b772000 JavaThread "Cancel handler" [_thread_blocked, id=5240, stack(0x000000005a880000,0x000000005a980000)]
  0x000000005b770800 JavaThread "Handler for socket connection from /127.0.0.1:1313 to /127.0.0.1:9910" [_thread_in_native, id=3672, stack(0x000000005a660000,0x000000005a760000)]
  0x000000005b76d000 JavaThread "Daemon Thread 10" [_thread_blocked, id=5700, stack(0x000000005a240000,0x000000005a340000)]
  0x000000005b76b800 JavaThread "Java2D Disposer" daemon [_thread_blocked, id=164, stack(0x00000000658c0000,0x00000000659c0000)]
  0x0000000059cc2000 JavaThread "Memory manager" [_thread_blocked, id=356, stack(0x000000005ff50000,0x0000000060050000)]
  0x00000000582f3800 JavaThread "File lock request listener" [_thread_in_native, id=4692, stack(0x000000005ae80000,0x000000005af80000)]
  0x00000000582e5800 JavaThread "Cache worker for file hash cache (C:\Users\Tarikul\.gradle\caches\4.1\fileHashes)" [_thread_blocked, id=1856, stack(0x000000005ad50000,0x000000005ae50000)]
  0x000000005838f800 JavaThread "Daemon periodic checks" [_thread_blocked, id=3164, stack(0x00000000570b0000,0x00000000571b0000)]
  0x000000005838e800 JavaThread "Incoming local TCP Connector on port 1313" [_thread_in_native, id=4912, stack(0x000000005a010000,0x000000005a110000)]
  0x0000000056c78800 JavaThread "Service Thread" daemon [_thread_blocked, id=4980, stack(0x0000000056870000,0x0000000056970000)]
  0x0000000054f69000 JavaThread "C1 CompilerThread2" daemon [_thread_in_vm, id=2372, stack(0x00000000564e0000,0x00000000565e0000)]
  0x0000000054f68000 JavaThread "C2 CompilerThread1" daemon [_thread_blocked, id=2388, stack(0x0000000056b70000,0x0000000056c70000)]
=>0x0000000054f63000 JavaThread "C2 CompilerThread0" daemon [_thread_in_native, id=1700, stack(0x0000000056980000,0x0000000056a80000)]
  0x0000000054f5f000 JavaThread "Attach Listener" daemon [_thread_blocked, id=2532, stack(0x0000000056750000,0x0000000056850000)]
  0x0000000054f5e000 JavaThread "Signal Dispatcher" daemon [_thread_blocked, id=2384, stack(0x00000000565e0000,0x00000000566e0000)]
  0x0000000054f42800 JavaThread "Finalizer" daemon [_thread_blocked, id=980, stack(0x00000000563a0000,0x00000000564a0000)]
  0x0000000054f01000 JavaThread "Reference Handler" daemon [_thread_blocked, id=1560, stack(0x0000000056140000,0x0000000056240000)]
  0x000000000221e800 JavaThread "main" [_thread_blocked, id=4880, stack(0x0000000002510000,0x0000000002610000)]

Other Threads:
  0x0000000054ef9800 VMThread [stack: 0x0000000056010000,0x0000000056110000] [id=1012]
  0x0000000054f6b800 WatcherThread [stack: 0x0000000057210000,0x0000000057310000] [id=2380]

VM state:not at safepoint (normal execution)

VM Mutex/Monitor currently owned by a thread:  ([mutex/lock_event])
[0x000000000221d2e0] CompiledIC_lock - owner thread: 0x0000000054f69000

Heap:
 PSYoungGen      total 291840K, used 247418K [0x00000000eab00000, 0x00000000ffb80000, 0x0000000100000000)
  eden space 245248K, 99% used [0x00000000eab00000,0x00000000f99a5570,0x00000000f9a80000)
  from space 46592K, 6% used [0x00000000fce00000,0x00000000fd0f9648,0x00000000ffb80000)
  to   space 49664K, 0% used [0x00000000f9a80000,0x00000000f9a80000,0x00000000fcb00000)
 ParOldGen       total 316928K, used 112762K [0x00000000c0000000, 0x00000000d3580000, 0x00000000eab00000)
  object space 316928K, 35% used [0x00000000c0000000,0x00000000c6e1e980,0x00000000d3580000)
 Metaspace       used 86978K, capacity 94014K, committed 97408K, reserved 1134592K
  class space    used 10824K, capacity 12396K, committed 13184K, reserved 1048576K

Card table byte_map: [0x0000000011ca0000,0x0000000011eb0000] byte_map_base: 0x00000000116a0000

Marking Bits: (ParMarkBitMap*) 0x000000006c023950
 Begin Bits: [0x0000000012370000, 0x0000000013370000)
 End Bits:   [0x0000000013370000, 0x0000000014370000)

Polling page: 0x0000000001c60000

CodeCache: size=245760Kb used=72640Kb max_used=72672Kb free=173119Kb
 bounds [0x00000000028e0000, 0x0000000007060000, 0x00000000118e0000]
 total_blobs=21281 nmethods=20321 adapters=871
 compilation: enabled

Compilation events (10 events):
Event: 8781.025 Thread 0x0000000054f69000 27157       3       java.lang.String::<init> (209 bytes)
Event: 8781.027 Thread 0x0000000054f69000 nmethod 27157 0x000000000703c790 code [0x000000000703c9e0, 0x000000000703d708]
Event: 8781.029 Thread 0x0000000054f69000 27158       3       org.gradle.invocation.DefaultGradle_Decorated::getServices (38 bytes)
Event: 8781.031 Thread 0x0000000054f69000 nmethod 27158 0x0000000003ffa090 code [0x0000000003ffa260, 0x0000000003ffa988]
Event: 8781.038 Thread 0x0000000054f69000 27159       3       java.lang.Short::hashCode (8 bytes)
Event: 8781.039 Thread 0x0000000054f69000 nmethod 27159 0x0000000005779f90 code [0x000000000577a0e0, 0x000000000577a290]
Event: 8781.041 Thread 0x0000000054f69000 27160       3       java.lang.Short::hashCode (2 bytes)
Event: 8781.041 Thread 0x0000000054f69000 nmethod 27160 0x0000000005806710 code [0x0000000005806860, 0x0000000005806990]
Event: 8781.046 Thread 0x0000000054f69000 27161       3       org.gradle.internal.io.RandomAccessFileInputStream::<init> (10 bytes)
Event: 8781.047 Thread 0x0000000054f69000 nmethod 27161 0x0000000005b2b1d0 code [0x0000000005b2b340, 0x0000000005b2b570]

GC Heap History (10 events):
Event: 5897.936 GC heap before
{Heap before GC invocations=50 (full 3):
 PSYoungGen      total 303104K, used 285834K [0x00000000eab00000, 0x00000000ffe80000, 0x0000000100000000)
  eden space 265216K, 100% used [0x00000000eab00000,0x00000000fae00000,0x00000000fae00000)
  from space 37888K, 54% used [0x00000000fd380000,0x00000000fe7a2a88,0x00000000ff880000)
  to   space 38400K, 0% used [0x00000000fae00000,0x00000000fae00000,0x00000000fd380000)
 ParOldGen       total 213504K, used 177913K [0x00000000c0000000, 0x00000000cd080000, 0x00000000eab00000)
  object space 213504K, 83% used [0x00000000c0000000,0x00000000cadbe440,0x00000000cd080000)
 Metaspace       used 89259K, capacity 97360K, committed 97408K, reserved 1134592K
  class space    used 11340K, capacity 13178K, committed 13184K, reserved 1048576K
Event: 5898.004 GC heap after
Heap after GC invocations=50 (full 3):
 PSYoungGen      total 303616K, used 38375K [0x00000000eab00000, 0x0000000100000000, 0x0000000100000000)
  eden space 265216K, 0% used [0x00000000eab00000,0x00000000eab00000,0x00000000fae00000)
  from space 38400K, 99% used [0x00000000fae00000,0x00000000fd379df0,0x00000000fd380000)
  to   space 45568K, 0% used [0x00000000fd380000,0x00000000fd380000,0x0000000100000000)
 ParOldGen       total 213504K, used 200834K [0x00000000c0000000, 0x00000000cd080000, 0x00000000eab00000)
  object space 213504K, 94% used [0x00000000c0000000,0x00000000cc420860,0x00000000cd080000)
 Metaspace       used 89259K, capacity 97360K, committed 97408K, reserved 1134592K
  class space    used 11340K, capacity 13178K, committed 13184K, reserved 1048576K
}
Event: 5898.004 GC heap before
{Heap before GC invocations=51 (full 4):
 PSYoungGen      total 303616K, used 38375K [0x00000000eab00000, 0x0000000100000000, 0x0000000100000000)
  eden space 265216K, 0% used [0x00000000eab00000,0x00000000eab00000,0x00000000fae00000)
  from space 38400K, 99% used [0x00000000fae00000,0x00000000fd379df0,0x00000000fd380000)
  to   space 45568K, 0% used [0x00000000fd380000,0x00000000fd380000,0x0000000100000000)
 ParOldGen       total 213504K, used 200834K [0x00000000c0000000, 0x00000000cd080000, 0x00000000eab00000)
  object space 213504K, 94% used [0x00000000c0000000,0x00000000cc420860,0x00000000cd080000)
 Metaspace       used 89259K, capacity 97360K, committed 97408K, reserved 1134592K
  class space    used 11340K, capacity 13178K, committed 13184K, reserved 1048576K
Event: 5898.584 GC heap after
Heap after GC invocations=51 (full 4):
 PSYoungGen      total 303616K, used 0K [0x00000000eab00000, 0x0000000100000000, 0x0000000100000000)
  eden space 265216K, 0% used [0x00000000eab00000,0x00000000eab00000,0x00000000fae00000)
  from space 38400K, 0% used [0x00000000fae00000,0x00000000fae00000,0x00000000fd380000)
  to   space 45568K, 0% used [0x00000000fd380000,0x00000000fd380000,0x0000000100000000)
 ParOldGen       total 316928K, used 112746K [0x00000000c0000000, 0x00000000d3580000, 0x00000000eab00000)
  object space 316928K, 35% used [0x00000000c0000000,0x00000000c6e1a980,0x00000000d3580000)
 Metaspace       used 85633K, capacity 92102K, committed 97408K, reserved 1134592K
  class space    used 10625K, capacity 12109K, committed 13184K, reserved 1048576K
}
Event: 5900.178 GC heap before
{Heap before GC invocations=52 (full 4):
 PSYoungGen      total 303616K, used 264242K [0x00000000eab00000, 0x0000000100000000, 0x0000000100000000)
  eden space 265216K, 99% used [0x00000000eab00000,0x00000000fad0cb08,0x00000000fae00000)
  from space 38400K, 0% used [0x00000000fae00000,0x00000000fae00000,0x00000000fd380000)
  to   space 45568K, 0% used [0x00000000fd380000,0x00000000fd380000,0x0000000100000000)
 ParOldGen       total 316928K, used 112746K [0x00000000c0000000, 0x00000000d3580000, 0x00000000eab00000)
  object space 316928K, 35% used [0x00000000c0000000,0x00000000c6e1a980,0x00000000d3580000)
 Metaspace       used 85637K, capacity 92108K, committed 97408K, reserved 1134592K
  class space    used 10626K, capacity 12110K, committed 13184K, reserved 1048576K
Event: 5900.185 GC heap after
Heap after GC invocations=52 (full 4):
 PSYoungGen      total 289280K, used 4988K [0x00000000eab00000, 0x0000000100000000, 0x0000000100000000)
  eden space 243712K, 0% used [0x00000000eab00000,0x00000000eab00000,0x00000000f9900000)
  from space 45568K, 10% used [0x00000000fd380000,0x00000000fd85f168,0x0000000100000000)
  to   space 52736K, 0% used [0x00000000f9900000,0x00000000f9900000,0x00000000fcc80000)
 ParOldGen       total 316928K, used 112754K [0x00000000c0000000, 0x00000000d3580000, 0x00000000eab00000)
  object space 316928K, 35% used [0x00000000c0000000,0x00000000c6e1c980,0x00000000d3580000)
 Metaspace       used 85637K, capacity 92108K, committed 97408K, reserved 1134592K
  class space    used 10626K, capacity 12110K, committed 13184K, reserved 1048576K
}
Event: 5902.422 GC heap before
{Heap before GC invocations=53 (full 4):
 PSYoungGen      total 289280K, used 247713K [0x00000000eab00000, 0x0000000100000000, 0x0000000100000000)
  eden space 243712K, 99% used [0x00000000eab00000,0x00000000f98094e8,0x00000000f9900000)
  from space 45568K, 10% used [0x00000000fd380000,0x00000000fd85f168,0x0000000100000000)
  to   space 52736K, 0% used [0x00000000f9900000,0x00000000f9900000,0x00000000fcc80000)
 ParOldGen       total 316928K, used 112754K [0x00000000c0000000, 0x00000000d3580000, 0x00000000eab00000)
  object space 316928K, 35% used [0x00000000c0000000,0x00000000c6e1c980,0x00000000d3580000)
 Metaspace       used 85656K, capacity 92114K, committed 97408K, reserved 1134592K
  class space    used 10627K, capacity 12111K, committed 13184K, reserved 1048576K
Event: 5902.429 GC heap after
Heap after GC invocations=53 (full 4):
 PSYoungGen      total 296448K, used 3035K [0x00000000eab00000, 0x0000000100000000, 0x0000000100000000)
  eden space 243712K, 0% used [0x00000000eab00000,0x00000000eab00000,0x00000000f9900000)
  from space 52736K, 5% used [0x00000000f9900000,0x00000000f9bf6d98,0x00000000fcc80000)
  to   space 51200K, 0% used [0x00000000fce00000,0x00000000fce00000,0x0000000100000000)
 ParOldGen       total 316928K, used 112762K [0x00000000c0000000, 0x00000000d3580000, 0x00000000eab00000)
  object space 316928K, 35% used [0x00000000c0000000,0x00000000c6e1e980,0x00000000d3580000)
 Metaspace       used 85656K, capacity 92114K, committed 97408K, reserved 1134592K
  class space    used 10627K, capacity 12111K, committed 13184K, reserved 1048576K
}
Event: 6151.213 GC heap before
{Heap before GC invocations=54 (full 4):
 PSYoungGen      total 296448K, used 246747K [0x00000000eab00000, 0x0000000100000000, 0x0000000100000000)
  eden space 243712K, 100% used [0x00000000eab00000,0x00000000f9900000,0x00000000f9900000)
  from space 52736K, 5% used [0x00000000f9900000,0x00000000f9bf6d98,0x00000000fcc80000)
  to   space 51200K, 0% used [0x00000000fce00000,0x00000000fce00000,0x0000000100000000)
 ParOldGen       total 316928K, used 112762K [0x00000000c0000000, 0x00000000d3580000, 0x00000000eab00000)
  object space 316928K, 35% used [0x00000000c0000000,0x00000000c6e1e980,0x00000000d3580000)
 Metaspace       used 86356K, capacity 93052K, committed 97408K, reserved 1134592K
  class space    used 10751K, capacity 12299K, committed 13184K, reserved 1048576K
Event: 6151.221 GC heap after
Heap after GC invocations=54 (full 4):
 PSYoungGen      total 291840K, used 3045K [0x00000000eab00000, 0x00000000ffb80000, 0x0000000100000000)
  eden space 245248K, 0% used [0x00000000eab00000,0x00000000eab00000,0x00000000f9a80000)
  from space 46592K, 6% used [0x00000000fce00000,0x00000000fd0f9648,0x00000000ffb80000)
  to   space 49664K, 0% used [0x00000000f9a80000,0x00000000f9a80000,0x00000000fcb00000)
 ParOldGen       total 316928K, used 112762K [0x00000000c0000000, 0x00000000d3580000, 0x00000000eab00000)
  object space 316928K, 35% used [0x00000000c0000000,0x00000000c6e1e980,0x00000000d3580000)
 Metaspace       used 86356K, capacity 93052K, committed 97408K, reserved 1134592K
  class space    used 10751K, capacity 12299K, committed 13184K, reserved 1048576K
}

Deoptimization events (10 events):
Event: 6152.096 Thread 0x0000000059cc9800 Uncommon trap: reason=class_check action=maybe_recompile pc=0x0000000005524830 method=com.sun.tools.javac.code.Types$14.visitClassType(Lcom/sun/tools/javac/code/Type$ClassType;Lcom/sun/tools/javac/code/Symbol;)Lcom/sun/tools/javac/code/Type; @ 97
Event: 6152.285 Thread 0x0000000059cc9800 Uncommon trap: reason=unstable_if action=reinterpret pc=0x00000000036ed17c method=org.objectweb.asm.MethodVisitor.visitLabel(Lorg/objectweb/asm/Label;)V @ 4
Event: 6152.484 Thread 0x0000000059cc9800 Uncommon trap: reason=unstable_if action=reinterpret pc=0x0000000006816570 method=org.objectweb.asm.commons.LocalVariablesSorter.remap(ILorg/objectweb/asm/Type;)I @ 36
Event: 6152.485 Thread 0x0000000059cc9800 Uncommon trap: reason=array_check action=maybe_recompile pc=0x0000000003e7b6a8 method=java.util.ComparableTimSort.mergeHi(IIII)V @ 101
Event: 6153.076 Thread 0x0000000059cc9800 Uncommon trap: reason=array_check action=maybe_recompile pc=0x000000000582d6b4 method=java.util.TimSort.reverseRange([Ljava/lang/Object;II)V @ 27
Event: 6153.596 Thread 0x0000000059cc9800 Uncommon trap: reason=unstable_if action=reinterpret pc=0x0000000006766708 method=com.android.apkzlib.zip.CentralDirectory.readEntry(Ljava/nio/ByteBuffer;)V @ 133
Event: 6153.596 Thread 0x0000000059cc9800 Uncommon trap: reason=unstable_if action=reinterpret pc=0x000000000617d318 method=com.android.apkzlib.zip.StoredEntry.readLocalHeader()V @ 103
Event: 6153.787 Thread 0x0000000059cc9800 Uncommon trap: reason=unstable_if action=reinterpret pc=0x00000000053eecc8 method=com.android.apkzlib.zip.ZFile.reopenRw()V @ 18
Event: 6153.805 Thread 0x0000000059cc9800 Uncommon trap: reason=array_check action=maybe_recompile pc=0x000000000582d510 method=java.util.TimSort.reverseRange([Ljava/lang/Object;II)V @ 27
Event: 6153.871 Thread 0x0000000059cc6800 Uncommon trap: reason=unstable_if action=reinterpret pc=0x00000000035c68c4 method=java.util.concurrent.locks.AbstractQueuedSynchronizer.doReleaseShared()V @ 69

Classes redefined (0 events):
No events

Internal exceptions (10 events):
Event: 6150.993 Thread 0x000000005b770800 Exception <a 'java/lang/NoSuchMethodError': <clinit>> (0x00000000f8ddd148) thrown at [D:\src\AOSP-openjdk-cygwin\jdk8u\hotspot\src\share\vm\prims\jni.cpp, line 1613]
Event: 6151.112 Thread 0x000000005b770800 Exception <a 'java/lang/ClassNotFoundException': sync_local_repo1923_cqwk41tpsbifpva0fz5pictdtBeanInfo> (0x00000000f8ece1c8) thrown at [D:\src\AOSP-openjdk-cygwin\jdk8u\hotspot\src\share\vm\classfile\systemDictionary.cpp, line 210]
Event: 6151.113 Thread 0x000000005b770800 Exception <a 'java/lang/ClassNotFoundException': sync_local_repo1923_cqwk41tpsbifpva0fz5pictdtCustomizer> (0x00000000f8ed8a58) thrown at [D:\src\AOSP-openjdk-cygwin\jdk8u\hotspot\src\share\vm\classfile\systemDictionary.cpp, line 210]
Event: 6151.116 Thread 0x000000005b770800 Implicit null exception at 0x00000000030ed693 to 0x00000000030edd01
Event: 6151.117 Thread 0x000000005b770800 Implicit null exception at 0x00000000036627a3 to 0x0000000003663195
Event: 6151.117 Thread 0x000000005b770800 Implicit null exception at 0x0000000002d50da3 to 0x0000000002d51791
Event: 6151.156 Thread 0x000000005b770800 Implicit null exception at 0x0000000003c6483b to 0x0000000003c6c969
Event: 6151.473 Thread 0x0000000059cbc000 Implicit null exception at 0x0000000003444d27 to 0x0000000003445579
Event: 6152.919 Thread 0x0000000059cc8000 Exception <a 'sun/nio/fs/WindowsException'> (0x00000000f5187560) thrown at [D:\src\AOSP-openjdk-cygwin\jdk8u\hotspot\src\share\vm\prims\jni.cpp, line 709]
Event: 6153.845 Thread 0x000000005b770800 Exception <a 'sun/nio/fs/WindowsException'> (0x00000000f710f430) thrown at [D:\src\AOSP-openjdk-cygwin\jdk8u\hotspot\src\share\vm\prims\jni.cpp, line 709]

Events (10 events):
Event: 8781.038 Executing VM operation: RevokeBias done
Event: 8781.038 Executing VM operation: RevokeBias
Event: 8781.038 Executing VM operation: RevokeBias done
Event: 8781.039 Thread 0x0000000054f69000 flushing nmethod 0x0000000002a489d0
Event: 8781.039 Thread 0x0000000054f69000 flushing nmethod 0x0000000002a58c90
Event: 8781.042 Thread 0x0000000054f69000 flushing nmethod 0x0000000002d50b10
Event: 8781.042 Thread 0x0000000054f69000 flushing nmethod 0x0000000002d59910
Event: 8781.047 Thread 0x0000000054f69000 flushing nmethod 0x00000000030d6790
Event: 8781.048 Thread 0x0000000054f69000 flushing nmethod 0x00000000030ed4d0
Event: 8781.049 Thread 0x0000000054f69000 flushing nmethod 0x00000000032c4a90


Dynamic libraries:
0x000000013fd40000 - 0x000000013fd71000 	C:\Program Files\Android\Android Studio\jre\bin\java.exe
0x00000000778a0000 - 0x0000000077a49000 	C:\Windows\SYSTEM32\ntdll.dll
0x0000000077680000 - 0x000000007779f000 	C:\Windows\system32\kernel32.dll
0x000007fefd740000 - 0x000007fefd7ab000 	C:\Windows\system32\KERNELBASE.dll
0x000007fefdab0000 - 0x000007fefdb8b000 	C:\Windows\system32\ADVAPI32.dll
0x000007feff920000 - 0x000007feff9bf000 	C:\Windows\system32\msvcrt.dll
0x000007feff720000 - 0x000007feff73f000 	C:\Windows\SYSTEM32\sechost.dll
0x000007feff9c0000 - 0x000007feffaed000 	C:\Windows\system32\RPCRT4.dll
0x00000000777a0000 - 0x000000007789a000 	C:\Windows\system32\USER32.dll
0x000007feff6b0000 - 0x000007feff717000 	C:\Windows\system32\GDI32.dll
0x000007feffba0000 - 0x000007feffbae000 	C:\Windows\system32\LPK.dll
0x000007fefed90000 - 0x000007fefee59000 	C:\Windows\system32\USP10.dll
0x000007fefca00000 - 0x000007fefcbf4000 	C:\Windows\WinSxS\amd64_microsoft.windows.common-controls_6595b64144ccf1df_6.0.7601.17514_none_fa396087175ac9ac\COMCTL32.dll
0x000007fefed10000 - 0x000007fefed81000 	C:\Windows\system32\SHLWAPI.dll
0x000007feff680000 - 0x000007feff6ae000 	C:\Windows\system32\IMM32.DLL
0x000007fefe980000 - 0x000007fefea89000 	C:\Windows\system32\MSCTF.dll
0x00000000725c0000 - 0x0000000072692000 	C:\Program Files\Android\Android Studio\jre\jre\bin\msvcr100.dll
0x000000006b860000 - 0x000000006c09e000 	C:\Program Files\Android\Android Studio\jre\jre\bin\server\jvm.dll
0x000007fefb490000 - 0x000007fefb499000 	C:\Windows\system32\WSOCK32.dll
0x000007fefecc0000 - 0x000007fefed0d000 	C:\Windows\system32\WS2_32.dll
0x000007feffb90000 - 0x000007feffb98000 	C:\Windows\system32\NSI.dll
0x000007fef7a90000 - 0x000007fef7acb000 	C:\Windows\system32\WINMM.dll
0x000007fefc500000 - 0x000007fefc50c000 	C:\Windows\system32\VERSION.dll
0x0000000077a60000 - 0x0000000077a67000 	C:\Windows\system32\PSAPI.DLL
0x000007fefb050000 - 0x000007fefb05f000 	C:\Program Files\Android\Android Studio\jre\jre\bin\verify.dll
0x000007fef57c0000 - 0x000007fef57e9000 	C:\Program Files\Android\Android Studio\jre\jre\bin\java.dll
0x000007fef5920000 - 0x000007fef5936000 	C:\Program Files\Android\Android Studio\jre\jre\bin\zip.dll
0x000007fefdbf0000 - 0x000007fefe979000 	C:\Windows\system32\SHELL32.dll
0x000007fefee60000 - 0x000007feff063000 	C:\Windows\system32\ole32.dll
0x000007fefd680000 - 0x000007fefd68f000 	C:\Windows\system32\profapi.dll
0x000007fef5970000 - 0x000007fef598a000 	C:\Program Files\Android\Android Studio\jre\jre\bin\net.dll
0x000007fefce70000 - 0x000007fefcec5000 	C:\Windows\system32\mswsock.dll
0x000007fefce60000 - 0x000007fefce67000 	C:\Windows\System32\wship6.dll
0x000007fef5800000 - 0x000007fef5811000 	C:\Program Files\Android\Android Studio\jre\jre\bin\nio.dll
0x000007fef59b0000 - 0x000007fef59ce000 	C:\Users\Tarikul\.gradle\native\25\windows-amd64\native-platform.dll
0x000007fef6dc0000 - 0x000007fef6dcd000 	C:\Program Files\Android\Android Studio\jre\jre\bin\management.dll
0x000007fefcf50000 - 0x000007fefcf67000 	C:\Windows\system32\CRYPTSP.dll
0x000007fefc9b0000 - 0x000007fefc9f7000 	C:\Windows\system32\rsaenh.dll
0x000007fefcca0000 - 0x000007fefccbe000 	C:\Windows\system32\USERENV.dll
0x000007fefd5b0000 - 0x000007fefd5bf000 	C:\Windows\system32\CRYPTBASE.dll
0x000007fefb010000 - 0x000007fefb037000 	C:\Windows\system32\IPHLPAPI.DLL
0x000007fefb000000 - 0x000007fefb00b000 	C:\Windows\system32\WINNSI.DLL
0x000007fefad10000 - 0x000007fefad28000 	C:\Windows\system32\dhcpcsvc.DLL
0x000007fefacf0000 - 0x000007fefad01000 	C:\Windows\system32\dhcpcsvc6.DLL
0x000007fef37f0000 - 0x000007fef3985000 	C:\Program Files\Android\Android Studio\jre\jre\bin\awt.dll
0x000007feff5a0000 - 0x000007feff677000 	C:\Windows\system32\OLEAUT32.dll
0x000007fed08f0000 - 0x000007fed0cb4000 	C:\Windows\system32\d2d1.dll
0x000007fefb7f0000 - 0x000007fefb808000 	C:\Windows\system32\DWMAPI.DLL
0x000007fefd550000 - 0x000007fefd5a7000 	C:\Windows\system32\apphelp.dll
0x000007fefaeb0000 - 0x000007fefafd5000 	C:\Windows\system32\dbghelp.dll

VM Arguments:
jvm_args: -Xmx1024m -Dfile.encoding=windows-1252 -Duser.country=US -Duser.language=en -Duser.variant 
java_command: org.gradle.launcher.daemon.bootstrap.GradleDaemon 4.1
java_class_path (initial): C:\Users\Tarikul\.gradle\wrapper\dists\gradle-4.1-all\bzyivzo6n839fup2jbap0tjew\gradle-4.1\lib\gradle-launcher-4.1.jar
Launcher Type: SUN_STANDARD

Environment Variables:
PATH=C:\app\dba\product\12.1.0\dbhome_1\bin;C:\ProgramData\Oracle\Java\javapath;C:\Windows\system32;C:\Windows;C:\Windows\System32\Wbem;C:\Windows\System32\WindowsPowerShell\v1.0;C:\app\dba\instantclient_11_2;C:\app\dba\product\12.1.0\dbhome_1;C:\adb;C:\app\dba\product\12.1.0\dbhome_1\bin;C:\ProgramData\Oracle\Java\javapath;C:\Windows\system32;C:\Windows;C:\Windows\System32\Wbem;C:\Windows\System32\WindowsPowerShell\v1.0;C:\app\dba\instantclient_11_2;C:\app\dba\product\12.1.0\dbhome_1;C:\Users\Tarikul\AppData\Local\Programs\Git\cmd
USERNAME=Tarikul
OS=Windows_NT
PROCESSOR_IDENTIFIER=Intel64 Family 6 Model 61 Stepping 4, GenuineIntel



---------------  S Y S T E M  ---------------

OS: Windows 7 , 64 bit Build 7601 (6.1.7601.18015)

CPU:total 4 (initial active 4) (2 cores per cpu, 2 threads per core) family 6 model 61 stepping 4, cmov, cx8, fxsr, mmx, sse, sse2, sse3, ssse3, sse4.1, sse4.2, popcnt, avx, avx2, aes, clmul, erms, 3dnowpref, lzcnt, ht, tsc, tscinvbit, bmi1, bmi2, adx

Memory: 4k page, physical 16695988k(9925240k free), swap 33390120k(26029808k free)

vm_info: OpenJDK 64-Bit Server VM (25.152-b01) for windows-amd64 JRE (1.8.0_152-release-915-b01), built by "builder" with MS VC++ 10.0 (VS2010)

time: Sun May 13 15:49:38 2018
elapsed time: 8781 seconds (0d 2h 26m 21s)

